0 info it worked if it ends with ok
1 verbose cli [ 'C:\\Program Files\\nodejs\\node.exe',
1 verbose cli   'C:\\Program Files\\nodejs\\node_modules\\npm\\bin\\npm-cli.js',
1 verbose cli   'publish' ]
2 info using npm@3.10.8
3 info using node@v6.9.1
4 verbose publish [ '.' ]
5 silly cache add args [ '.', null ]
6 verbose cache add spec .
7 silly cache add parsed spec Result {
7 silly cache add   raw: '.',
7 silly cache add   scope: null,
7 silly cache add   escapedName: null,
7 silly cache add   name: null,
7 silly cache add   rawSpec: '.',
7 silly cache add   spec: 'C:\\Users\\dpod\\Desktop\\nodeJS\\censorify',
7 silly cache add   type: 'directory' }
8 verbose addLocalDirectory C:\Users\dpod\AppData\Roaming\npm-cache\censorifyodin47\0.1.1\package.tgz not in flight; packing
9 verbose correctMkdir C:\Users\dpod\AppData\Roaming\npm-cache correctMkdir not in flight; initializing
10 info lifecycle censorifyodin47@0.1.1~prepublish: censorifyodin47@0.1.1
11 silly lifecycle censorifyodin47@0.1.1~prepublish: no script for prepublish, continuing
12 verbose tar pack [ 'C:\\Users\\dpod\\AppData\\Roaming\\npm-cache\\censorifyodin47\\0.1.1\\package.tgz',
12 verbose tar pack   'C:\\Users\\dpod\\Desktop\\nodeJS\\censorify' ]
13 verbose tarball C:\Users\dpod\AppData\Roaming\npm-cache\censorifyodin47\0.1.1\package.tgz
14 verbose folder C:\Users\dpod\Desktop\nodeJS\censorify
15 verbose addLocalTarball adding from inside cache C:\Users\dpod\AppData\Roaming\npm-cache\censorifyodin47\0.1.1\package.tgz
16 verbose correctMkdir C:\Users\dpod\AppData\Roaming\npm-cache correctMkdir not in flight; initializing
17 silly cache afterAdd censorifyodin47@0.1.1
18 verbose afterAdd C:\Users\dpod\AppData\Roaming\npm-cache\censorifyodin47\0.1.1\package\package.json not in flight; writing
19 verbose correctMkdir C:\Users\dpod\AppData\Roaming\npm-cache correctMkdir not in flight; initializing
20 verbose afterAdd C:\Users\dpod\AppData\Roaming\npm-cache\censorifyodin47\0.1.1\package\package.json written
21 silly publish { author: { name: 'Deepak Podili Devendra' },
21 silly publish   name: 'censorifyodin47',
21 silly publish   version: '0.1.1',
21 silly publish   description: 'Censors words out of text',
21 silly publish   main: 'censortext',
21 silly publish   repository:
21 silly publish    { type: 'git',
21 silly publish      url: 'git+https://github.com/odin47/censorify.git' },
21 silly publish   keywords: [ 'censor', 'words' ],
21 silly publish   dependencies: {},
21 silly publish   engines: { node: '*' },
21 silly publish   readme: 'Learning how to create my own node package modules.',
21 silly publish   readmeFilename: 'README.md',
21 silly publish   gitHead: 'a4b49c5f0d72ccaacac73b76505d8b63b1e25865',
21 silly publish   bugs: { url: 'https://github.com/odin47/censorify/issues' },
21 silly publish   homepage: 'https://github.com/odin47/censorify#readme',
21 silly publish   _id: 'censorifyodin47@0.1.1',
21 silly publish   scripts: {},
21 silly publish   _shasum: 'bf2f3845c3f7d53a02227ae6e9617130668f5747',
21 silly publish   _from: '.' }
22 verbose getPublishConfig undefined
23 silly mapToRegistry name censorifyodin47
24 silly mapToRegistry using default registry
25 silly mapToRegistry registry https://registry.npmjs.org/
26 silly mapToRegistry data Result {
26 silly mapToRegistry   raw: 'censorifyodin47',
26 silly mapToRegistry   scope: null,
26 silly mapToRegistry   escapedName: 'censorifyodin47',
26 silly mapToRegistry   name: 'censorifyodin47',
26 silly mapToRegistry   rawSpec: '',
26 silly mapToRegistry   spec: 'latest',
26 silly mapToRegistry   type: 'tag' }
27 silly mapToRegistry uri https://registry.npmjs.org/censorifyodin47
28 verbose publish registryBase https://registry.npmjs.org/
29 silly publish uploading C:\Users\dpod\AppData\Roaming\npm-cache\censorifyodin47\0.1.1\package.tgz
30 verbose request uri https://registry.npmjs.org/censorifyodin47
31 verbose request sending authorization for write operation
32 info attempt registry request try #1 at 12:23:33 PM
33 verbose request using bearer token for auth
34 verbose request id e6bb027d06380c46
35 http request PUT https://registry.npmjs.org/censorifyodin47
36 http 403 https://registry.npmjs.org/censorifyodin47
37 verbose headers { 'content-type': 'application/json',
37 verbose headers   'cache-control': 'max-age=300',
37 verbose headers   'content-length': '95',
37 verbose headers   'accept-ranges': 'bytes',
37 verbose headers   date: 'Mon, 26 Dec 2016 06:53:36 GMT',
37 verbose headers   via: '1.1 varnish',
37 verbose headers   connection: 'keep-alive',
37 verbose headers   'x-served-by': 'cache-lcy1131-LCY',
37 verbose headers   'x-cache': 'MISS',
37 verbose headers   'x-cache-hits': '0',
37 verbose headers   'x-timer': 'S1482735215.146153,VS0,VE1295',
37 verbose headers   vary: 'Accept-Encoding' }
38 verbose request invalidating C:\Users\dpod\AppData\Roaming\npm-cache\registry.npmjs.org\censorifyodin47 on PUT
39 error publish Failed PUT 403
40 verbose stack Error: "You cannot publish over the previously published version 0.1.1." : censorifyodin47
40 verbose stack     at makeError (C:\Program Files\nodejs\node_modules\npm\node_modules\npm-registry-client\lib\request.js:302:12)
40 verbose stack     at CachingRegistryClient.<anonymous> (C:\Program Files\nodejs\node_modules\npm\node_modules\npm-registry-client\lib\request.js:290:14)
40 verbose stack     at Request._callback (C:\Program Files\nodejs\node_modules\npm\node_modules\npm-registry-client\lib\request.js:210:14)
40 verbose stack     at Request.self.callback (C:\Program Files\nodejs\node_modules\npm\node_modules\request\request.js:187:22)
40 verbose stack     at emitTwo (events.js:106:13)
40 verbose stack     at Request.emit (events.js:191:7)
40 verbose stack     at Request.<anonymous> (C:\Program Files\nodejs\node_modules\npm\node_modules\request\request.js:1044:10)
40 verbose stack     at emitOne (events.js:96:13)
40 verbose stack     at Request.emit (events.js:188:7)
40 verbose stack     at IncomingMessage.<anonymous> (C:\Program Files\nodejs\node_modules\npm\node_modules\request\request.js:965:12)
41 verbose statusCode 403
42 verbose pkgid censorifyodin47
43 verbose cwd C:\Users\dpod\Desktop\nodeJS\censorify
44 error Windows_NT 6.1.7601
45 error argv "C:\\Program Files\\nodejs\\node.exe" "C:\\Program Files\\nodejs\\node_modules\\npm\\bin\\npm-cli.js" "publish"
46 error node v6.9.1
47 error npm  v3.10.8
48 error code E403
49 error "You cannot publish over the previously published version 0.1.1." : censorifyodin47
50 error If you need help, you may report this error at:
50 error     <https://github.com/npm/npm/issues>
51 verbose exit [ 1, true ]
